c:\users\wadyn\onedrive\visual studio 2017\projects\ats-pn\debug\ats-pn.lib
c:\users\wadyn\onedrive\visual studio 2017\projects\ats-pn\debug\ats-pn.exp
c:\users\wadyn\onedrive\visual studio 2017\projects\ats-pn\ats-pn\debug\ats-pn.pch
c:\users\wadyn\onedrive\visual studio 2017\projects\ats-pn\ats-pn\debug\vc141.pdb
c:\users\wadyn\onedrive\visual studio 2017\projects\ats-pn\ats-pn\debug\vc141.idb
c:\users\wadyn\onedrive\visual studio 2017\projects\ats-pn\ats-pn\debug\stdafx.obj
c:\users\wadyn\onedrive\visual studio 2017\projects\ats-pn\ats-pn\debug\catspn.obj
c:\users\wadyn\onedrive\visual studio 2017\projects\ats-pn\ats-pn\debug\ats-pn.obj
c:\users\wadyn\onedrive\visual studio 2017\projects\ats-pn\ats-pn\debug\dllmain.obj
c:\users\wadyn\onedrive\visual studio 2017\projects\ats-pn\debug\ats-pn.ilk
c:\users\wadyn\onedrive\visual studio 2017\projects\ats-pn\debug\ats-pn.dll
c:\users\wadyn\onedrive\visual studio 2017\projects\ats-pn\debug\ats-pn.pdb
c:\users\wadyn\onedrive\visual studio 2017\projects\ats-pn\ats-pn\debug\ats-pn.res
c:\users\wadyn\onedrive\visual studio 2017\projects\ats-pn\ats-pn\debug\ats-pn.tlog\ats-pn.write.1u.tlog
c:\users\wadyn\onedrive\visual studio 2017\projects\ats-pn\ats-pn\debug\ats-pn.tlog\cl.command.1.tlog
c:\users\wadyn\onedrive\visual studio 2017\projects\ats-pn\ats-pn\debug\ats-pn.tlog\cl.read.1.tlog
c:\users\wadyn\onedrive\visual studio 2017\projects\ats-pn\ats-pn\debug\ats-pn.tlog\cl.write.1.tlog
c:\users\wadyn\onedrive\visual studio 2017\projects\ats-pn\ats-pn\debug\ats-pn.tlog\link.command.1.tlog
c:\users\wadyn\onedrive\visual studio 2017\projects\ats-pn\ats-pn\debug\ats-pn.tlog\link.read.1.tlog
c:\users\wadyn\onedrive\visual studio 2017\projects\ats-pn\ats-pn\debug\ats-pn.tlog\link.write.1.tlog
c:\users\wadyn\onedrive\visual studio 2017\projects\ats-pn\ats-pn\debug\ats-pn.tlog\rc.command.1.tlog
c:\users\wadyn\onedrive\visual studio 2017\projects\ats-pn\ats-pn\debug\ats-pn.tlog\rc.read.1.tlog
c:\users\wadyn\onedrive\visual studio 2017\projects\ats-pn\ats-pn\debug\ats-pn.tlog\rc.write.1.tlog
