d:\visual studio 2017\projects\bveplugin\ats-pn\ats-pn\x64\release\ats-pnx64.lib
d:\visual studio 2017\projects\bveplugin\ats-pn\ats-pn\x64\release\ats-pnx64.exp
d:\visual studio 2017\projects\bveplugin\ats-pn\ats-pn\x64\release\ats-pnx64.ipdb
d:\visual studio 2017\projects\bveplugin\ats-pn\ats-pn\x64\release\ats-pnx64.iobj
d:\visual studio 2017\projects\bveplugin\ats-pn\ats-pn\ats-pn\x64\release\vc142.pdb
d:\visual studio 2017\projects\bveplugin\ats-pn\ats-pn\ats-pn\x64\release\dllmain.obj
d:\visual studio 2017\projects\bveplugin\ats-pn\ats-pn\ats-pn\x64\release\cdoorcontrol.obj
d:\visual studio 2017\projects\bveplugin\ats-pn\ats-pn\ats-pn\x64\release\cautoannounce.obj
d:\visual studio 2017\projects\bveplugin\ats-pn\ats-pn\ats-pn\x64\release\catspn.obj
d:\visual studio 2017\projects\bveplugin\ats-pn\ats-pn\ats-pn\x64\release\ats-pn.obj
d:\visual studio 2017\projects\bveplugin\ats-pn\ats-pn\ats-pn\x64\release\csourcevoice.obj
d:\visual studio 2017\projects\bveplugin\ats-pn\ats-pn\x64\release\ats-pnx64.dll
d:\visual studio 2017\projects\bveplugin\ats-pn\ats-pn\ats-pn\x64\release\ats-pn.res
d:\visual studio 2017\projects\bveplugin\ats-pn\ats-pn\ats-pn\x64\release\ats-pn.tlog\ats-pn.write.1u.tlog
d:\visual studio 2017\projects\bveplugin\ats-pn\ats-pn\ats-pn\x64\release\ats-pn.tlog\cl.command.1.tlog
d:\visual studio 2017\projects\bveplugin\ats-pn\ats-pn\ats-pn\x64\release\ats-pn.tlog\cl.read.1.tlog
d:\visual studio 2017\projects\bveplugin\ats-pn\ats-pn\ats-pn\x64\release\ats-pn.tlog\cl.write.1.tlog
d:\visual studio 2017\projects\bveplugin\ats-pn\ats-pn\ats-pn\x64\release\ats-pn.tlog\link.command.1.tlog
d:\visual studio 2017\projects\bveplugin\ats-pn\ats-pn\ats-pn\x64\release\ats-pn.tlog\link.read.1.tlog
d:\visual studio 2017\projects\bveplugin\ats-pn\ats-pn\ats-pn\x64\release\ats-pn.tlog\link.write.1.tlog
d:\visual studio 2017\projects\bveplugin\ats-pn\ats-pn\ats-pn\x64\release\ats-pn.tlog\rc.command.1.tlog
d:\visual studio 2017\projects\bveplugin\ats-pn\ats-pn\ats-pn\x64\release\ats-pn.tlog\rc.read.1.tlog
d:\visual studio 2017\projects\bveplugin\ats-pn\ats-pn\ats-pn\x64\release\ats-pn.tlog\rc.write.1.tlog
